Using pre-set license
Built from '2021.3/staging' branch; Version is '2021.3.9f1 (ad3870b89536) revision 11352176'; Using compiler version '192829333'; Build Type 'Release'
OS: 'Windows 11  (10.0.22621) 64bit CoreSingleLanguage' Language: 'en' Physical Memory: 16215 MB
BatchMode: 1, IsHumanControllingUs: 0, StartBugReporterOnCrash: 0, Is64bit: 1, IsPro: 1

COMMAND LINE ARGUMENTS:
C:\Program Files\Unity\Hub\Editor\2021.3.9f1\Editor\Unity.exe
-adb2
-batchMode
-noUpm
-name
AssetImportWorker0
-projectPath
D:/File Programming/College/Semester 5/Praktikum Game/Project_Akhir
-logFile
Logs/AssetImportWorker0.log
-srvPort
63184
Successfully changed project path to: D:/File Programming/College/Semester 5/Praktikum Game/Project_Akhir
D:/File Programming/College/Semester 5/Praktikum Game/Project_Akhir
[UnityMemory] Configuration Parameters - Can be set up in boot.config
    "memorysetup-bucket-allocator-granularity=16"
    "memorysetup-bucket-allocator-bucket-count=8"
    "memorysetup-bucket-allocator-block-size=33554432"
    "memorysetup-bucket-allocator-block-count=8"
    "memorysetup-main-allocator-block-size=16777216"
    "memorysetup-thread-allocator-block-size=16777216"
    "memorysetup-gfx-main-allocator-block-size=16777216"
    "memorysetup-gfx-thread-allocator-block-size=16777216"
    "memorysetup-cache-allocator-block-size=4194304"
    "memorysetup-typetree-allocator-block-size=2097152"
    "memorysetup-profiler-bucket-allocator-granularity=16"
    "memorysetup-profiler-bucket-allocator-bucket-count=8"
    "memorysetup-profiler-bucket-allocator-block-size=33554432"
    "memorysetup-profiler-bucket-allocator-block-count=8"
    "memorysetup-profiler-allocator-block-size=16777216"
    "memorysetup-profiler-editor-allocator-block-size=1048576"
    "memorysetup-temp-allocator-size-main=16777216"
    "memorysetup-job-temp-allocator-block-size=2097152"
    "memorysetup-job-temp-allocator-block-size-background=1048576"
    "memorysetup-job-temp-allocator-reduction-small-platforms=262144"
    "memorysetup-temp-allocator-size-background-worker=32768"
    "memorysetup-temp-allocator-size-job-worker=262144"
    "memorysetup-temp-allocator-size-preload-manager=33554432"
    "memorysetup-temp-allocator-size-nav-mesh-worker=65536"
    "memorysetup-temp-allocator-size-audio-worker=65536"
    "memorysetup-temp-allocator-size-cloud-worker=32768"
    "memorysetup-temp-allocator-size-gi-baking-worker=262144"
    "memorysetup-temp-allocator-size-gfx=262144"
Refreshing native plugins compatible for Editor in 99.40 ms, found 4 plugins.
Preloading 0 native plugins for Editor in 0.00 ms.
Initialize engine version: 2021.3.9f1 (ad3870b89536)
[Subsystems] Discovering subsystems at path C:/Program Files/Unity/Hub/Editor/2021.3.9f1/Editor/Data/Resources/UnitySubsystems
[Subsystems] Discovering subsystems at path D:/File Programming/College/Semester 5/Praktikum Game/Project_Akhir/Assets
GfxDevice: creating device client; threaded=0; jobified=0
Direct3D:
    Version:  Direct3D 11.0 [level 11.1]
    Renderer: NVIDIA GeForce GTX 1650 Ti (ID=0x1f95)
    Vendor:   NVIDIA
    VRAM:     3962 MB
    Driver:   31.0.15.1748
Initialize mono
Mono path[0] = 'C:/Program Files/Unity/Hub/Editor/2021.3.9f1/Editor/Data/Managed'
Mono path[1] = 'C:/Program Files/Unity/Hub/Editor/2021.3.9f1/Editor/Data/MonoBleedingEdge/lib/mono/unityjit-win32'
Mono config path = 'C:/Program Files/Unity/Hub/Editor/2021.3.9f1/Editor/Data/MonoBleedingEdge/etc'
Using monoOptions --debugger-agent=transport=dt_socket,embedding=1,server=y,suspend=n,address=127.0.0.1:56748
Begin MonoManager ReloadAssembly
Registering precompiled unity dll's ...
Register platform support module: C:/Program Files/Unity/Hub/Editor/2021.3.9f1/Editor/Data/PlaybackEngines/WebGLSupport/UnityEditor.WebGL.Extensions.dll
Register platform support module: C:/Program Files/Unity/Hub/Editor/2021.3.9f1/Editor/Data/PlaybackEngines/WindowsStandaloneSupport/UnityEditor.WindowsStandalone.Extensions.dll
Registered in 0.005010 seconds.
Native extension for WindowsStandalone target not found
Native extension for WebGL target not found
Refreshing native plugins compatible for Editor in 108.75 ms, found 4 plugins.
Preloading 0 native plugins for Editor in 0.00 ms.
Mono: successfully reloaded assembly
- Completed reload, in  0.773 seconds
Domain Reload Profiling:
	ReloadAssembly (774ms)
		BeginReloadAssembly (76ms)
			ExecutionOrderSort (0ms)
			DisableScriptedObjects (0ms)
			BackupInstance (0ms)
			ReleaseScriptingObjects (0ms)
			CreateAndSetChildDomain (1ms)
		EndReloadAssembly (570ms)
			LoadAssemblies (74ms)
			RebuildTransferFunctionScriptingTraits (0ms)
			SetupTypeCache (145ms)
			ReleaseScriptCaches (0ms)
			RebuildScriptCaches (35ms)
			SetupLoadedEditorAssemblies (330ms)
				LogAssemblyErrors (0ms)
				InitializePlatformSupportModulesInManaged (12ms)
				SetLoadedEditorAssemblies (0ms)
				RefreshPlugins (109ms)
				BeforeProcessingInitializeOnLoad (1ms)
				ProcessInitializeOnLoadAttributes (154ms)
				ProcessInitializeOnLoadMethodAttributes (54ms)
				AfterProcessingInitializeOnLoad (0ms)
				EditorAssembliesLoaded (0ms)
			ExecutionOrderSort2 (0ms)
			AwakeInstancesAfterBackupRestoration (0ms)
Platform modules already initialized, skipping
Registering precompiled user dll's ...
Registered in 0.006118 seconds.
Begin MonoManager ReloadAssembly
Symbol file LoadedFromMemory doesn't match image D:\File Programming\College\Semester 5\Praktikum Game\Project_Akhir\Library\PackageCache\com.unity.visualscripting@1.7.8\Editor\VisualScripting.Core\Dependencies\YamlDotNet\Unity.VisualScripting.YamlDotNet.dll
Symbol file LoadedFromMemory doesn't match image D:\File Programming\College\Semester 5\Praktikum Game\Project_Akhir\Library\PackageCache\com.unity.visualscripting@1.7.8\Editor\VisualScripting.Core\Dependencies\DotNetZip\Unity.VisualScripting.IonicZip.dll
Native extension for WindowsStandalone target not found
Native extension for WebGL target not found
Refreshing native plugins compatible for Editor in 114.85 ms, found 4 plugins.
Preloading 0 native plugins for Editor in 0.00 ms.
Mono: successfully reloaded assembly
- Completed reload, in  1.547 seconds
Domain Reload Profiling:
	ReloadAssembly (1548ms)
		BeginReloadAssembly (140ms)
			ExecutionOrderSort (0ms)
			DisableScriptedObjects (7ms)
			BackupInstance (0ms)
			ReleaseScriptingObjects (0ms)
			CreateAndSetChildDomain (25ms)
		EndReloadAssembly (1236ms)
			LoadAssemblies (101ms)
			RebuildTransferFunctionScriptingTraits (0ms)
			SetupTypeCache (341ms)
			ReleaseScriptCaches (1ms)
			RebuildScriptCaches (72ms)
			SetupLoadedEditorAssemblies (651ms)
				LogAssemblyErrors (0ms)
				InitializePlatformSupportModulesInManaged (7ms)
				SetLoadedEditorAssemblies (0ms)
				RefreshPlugins (115ms)
				BeforeProcessingInitializeOnLoad (139ms)
				ProcessInitializeOnLoadAttributes (314ms)
				ProcessInitializeOnLoadMethodAttributes (69ms)
				AfterProcessingInitializeOnLoad (8ms)
				EditorAssembliesLoaded (0ms)
			ExecutionOrderSort2 (0ms)
			AwakeInstancesAfterBackupRestoration (9ms)
Platform modules already initialized, skipping
========================================================================
Worker process is ready to serve import requests
Launched and connected shader compiler UnityShaderCompiler.exe after 0.05 seconds
Refreshing native plugins compatible for Editor in 0.78 ms, found 4 plugins.
Preloading 0 native plugins for Editor in 0.00 ms.
Unloading 4069 Unused Serialized files (Serialized files now loaded: 0)
Unloading 38 unused Assets / (55.4 KB). Loaded Objects now: 4525.
Memory consumption went from 151.2 MB to 151.2 MB.
Total: 4.308300 ms (FindLiveObjects: 0.377900 ms CreateObjectMapping: 0.324600 ms MarkObjects: 3.501400 ms  DeleteObjects: 0.103200 ms)

AssetImportParameters requested are different than current active one (requested -> active):
  custom:video-decoder-ogg-theora: a1e56fd34408186e4bbccfd4996cb3dc -> 
  custom:container-muxer-webm: aa71ff27fc2769a1b78a27578f13a17b -> 
  custom:container-demuxer-webm: 4f35f7cbe854078d1ac9338744f61a02 -> 
  custom:video-encoder-webm-vp8: eb34c28f22e8b96e1ab97ce403110664 -> 
  custom:audio-encoder-webm-vorbis: bf7c407c2cedff20999df2af8eb42d56 -> 
  custom:framework-win-MediaFoundation: 216162199b28c13a410421893ffa2e32 -> 
  custom:container-demuxer-ogg: 62fdf1f143b41e24485cea50d1cbac27 -> 
  custom:video-decoder-webm-vp8: 9c59270c3fd7afecdb556c50c9e8de78 -> 
  custom:audio-decoder-ogg-vorbis: bf7c407c2cedff20999df2af8eb42d56 -> 
========================================================================
Received Import Request.
  Time since last request: 122824.323533 seconds.
  path: Assets/Character
  artifactKey: Guid(bb456ae33e9b17b44994e6dfae5010ce) Importer(815301076,1909f56bfc062723c751e8b465ee728b)
Start importing Assets/Character using Guid(bb456ae33e9b17b44994e6dfae5010ce) Importer(815301076,1909f56bfc062723c751e8b465ee728b)  -> (artifact id: '44cf25c2eb8a9bbb2ad042b3dd1e6bd6') in 0.007247 seconds 
========================================================================
Received Import Request.
  Time since last request: 0.152581 seconds.
  path: Assets/Character/Hantu
  artifactKey: Guid(e5690f02df7696740a16edc76ba588f0) Importer(815301076,1909f56bfc062723c751e8b465ee728b)
Start importing Assets/Character/Hantu using Guid(e5690f02df7696740a16edc76ba588f0) Importer(815301076,1909f56bfc062723c751e8b465ee728b)  -> (artifact id: '3ff927bc3983ec52001a725b4ee99ebc') in 0.011592 seconds 
========================================================================
Received Import Request.
  Time since last request: 0.129414 seconds.
  path: Assets/Character/Hantu/hantu_move.png
  artifactKey: Guid(f808d061f8762214a9068b4783bea1ef) Importer(815301076,1909f56bfc062723c751e8b465ee728b)
Start importing Assets/Character/Hantu/hantu_move.png using Guid(f808d061f8762214a9068b4783bea1ef) Importer(815301076,1909f56bfc062723c751e8b465ee728b)  -> (artifact id: '03edd10c78e91996cea56b2a9b469be9') in 0.188434 seconds 
========================================================================
Received Import Request.
  Time since last request: 0.000037 seconds.
  path: Assets/Character/Hantu/mumi_walk.png
  artifactKey: Guid(deb3e3718126f9f4e9d24770a89b61c4) Importer(815301076,1909f56bfc062723c751e8b465ee728b)
Start importing Assets/Character/Hantu/mumi_walk.png using Guid(deb3e3718126f9f4e9d24770a89b61c4) Importer(815301076,1909f56bfc062723c751e8b465ee728b)  -> (artifact id: '3d061cd87e36874d0b147b9d6f5c5f99') in 0.021798 seconds 
========================================================================
Received Import Request.
  Time since last request: 0.000033 seconds.
  path: Assets/Character/Hantu/mumi_idle.png
  artifactKey: Guid(6bf0b50d31e249a40b8ad8d6606ddcbd) Importer(815301076,1909f56bfc062723c751e8b465ee728b)
Start importing Assets/Character/Hantu/mumi_idle.png using Guid(6bf0b50d31e249a40b8ad8d6606ddcbd) Importer(815301076,1909f56bfc062723c751e8b465ee728b)  -> (artifact id: '9e22b521ea7e7bc1e7315adcf347e4f0') in 0.017706 seconds 
========================================================================
Received Import Request.
  Time since last request: 6.220884 seconds.
  path: Assets/Character/Zain
  artifactKey: Guid(1eff527b71a380e4a8165dd4a2e1756f) Importer(815301076,1909f56bfc062723c751e8b465ee728b)
Start importing Assets/Character/Zain using Guid(1eff527b71a380e4a8165dd4a2e1756f) Importer(815301076,1909f56bfc062723c751e8b465ee728b)  -> (artifact id: '871f3d5f25d540f1ddb4ef695a9b5792') in 0.001741 seconds 
========================================================================
Received Import Request.
  Time since last request: 0.100334 seconds.
  path: Assets/Character/Zain/zain_death.png
  artifactKey: Guid(1f8ccc852fe95eb488bbb669cc4e73f6) Importer(815301076,1909f56bfc062723c751e8b465ee728b)
Start importing Assets/Character/Zain/zain_death.png using Guid(1f8ccc852fe95eb488bbb669cc4e73f6) Importer(815301076,1909f56bfc062723c751e8b465ee728b)  -> (artifact id: '4906179446759af8e86ca9bfa5e1e7c0') in 0.020590 seconds 
========================================================================
Received Import Request.
  Time since last request: 0.000030 seconds.
  path: Assets/Character/Zain/zain_jump.png
  artifactKey: Guid(3ad45aaf57953264193399f517672e36) Importer(815301076,1909f56bfc062723c751e8b465ee728b)
Start importing Assets/Character/Zain/zain_jump.png using Guid(3ad45aaf57953264193399f517672e36) Importer(815301076,1909f56bfc062723c751e8b465ee728b)  -> (artifact id: 'ca9532e99d5e5eb9d991291d1526801f') in 0.017358 seconds 
========================================================================
Received Import Request.
  Time since last request: 0.000023 seconds.
  path: Assets/Character/Zain/zain_move.png
  artifactKey: Guid(526cd1b79f34237458b40b7a1fc5a180) Importer(815301076,1909f56bfc062723c751e8b465ee728b)
Start importing Assets/Character/Zain/zain_move.png using Guid(526cd1b79f34237458b40b7a1fc5a180) Importer(815301076,1909f56bfc062723c751e8b465ee728b)  -> (artifact id: 'fd77ad5e8bccc3007d69b2515e389326') in 0.023288 seconds 
========================================================================
Received Import Request.
  Time since last request: 17.553074 seconds.
  path: Assets/Character/Zain/zain_idle.png
  artifactKey: Guid(85c33214eaa26bb4bbbea9578b81a8b7) Importer(815301076,1909f56bfc062723c751e8b465ee728b)
Start importing Assets/Character/Zain/zain_idle.png using Guid(85c33214eaa26bb4bbbea9578b81a8b7) Importer(815301076,1909f56bfc062723c751e8b465ee728b)  -> (artifact id: 'ed85895e056a12860542c9f4302c3450') in 0.009361 seconds 
========================================================================
Received Import Request.
  Time since last request: 37.197644 seconds.
  path: Assets/Character/Zain/zain_idle.png
  artifactKey: Guid(85c33214eaa26bb4bbbea9578b81a8b7) Importer(815301076,1909f56bfc062723c751e8b465ee728b)
Start importing Assets/Character/Zain/zain_idle.png using Guid(85c33214eaa26bb4bbbea9578b81a8b7) Importer(815301076,1909f56bfc062723c751e8b465ee728b)  -> (artifact id: '9c10a0cd28a8c962f651b9889faaca96') in 0.049984 seconds 
========================================================================
Received Import Request.
  Time since last request: 10.344044 seconds.
  path: Assets/Character/Zain/zain_idle.png
  artifactKey: Guid(85c33214eaa26bb4bbbea9578b81a8b7) Importer(815301076,1909f56bfc062723c751e8b465ee728b)
Start importing Assets/Character/Zain/zain_idle.png using Guid(85c33214eaa26bb4bbbea9578b81a8b7) Importer(815301076,1909f56bfc062723c751e8b465ee728b)  -> (artifact id: '180ca1ae406c35020c71594adef34a68') in 0.042187 seconds 
========================================================================
Received Import Request.
  Time since last request: 23.673913 seconds.
  path: Assets/Character/Zain/New Animation.anim
  artifactKey: Guid(924fd7309d781614286256273d5d3ca2) Importer(815301076,1909f56bfc062723c751e8b465ee728b)
Start importing Assets/Character/Zain/New Animation.anim using Guid(924fd7309d781614286256273d5d3ca2) Importer(815301076,1909f56bfc062723c751e8b465ee728b)  -> (artifact id: '7ca50d2f4225d2ebbf66402b52601406') in 0.009566 seconds 
========================================================================
Received Prepare
Registering precompiled user dll's ...
Registered in 0.006339 seconds.
Begin MonoManager ReloadAssembly
Symbol file LoadedFromMemory doesn't match image D:\File Programming\College\Semester 5\Praktikum Game\Project_Akhir\Library\PackageCache\com.unity.visualscripting@1.7.8\Editor\VisualScripting.Core\Dependencies\YamlDotNet\Unity.VisualScripting.YamlDotNet.dll
Symbol file LoadedFromMemory doesn't match image D:\File Programming\College\Semester 5\Praktikum Game\Project_Akhir\Library\PackageCache\com.unity.visualscripting@1.7.8\Editor\VisualScripting.Core\Dependencies\DotNetZip\Unity.VisualScripting.IonicZip.dll
Native extension for WindowsStandalone target not found
Native extension for WebGL target not found
Refreshing native plugins compatible for Editor in 0.85 ms, found 4 plugins.
Preloading 0 native plugins for Editor in 0.00 ms.
Mono: successfully reloaded assembly
- Completed reload, in  1.319 seconds
Domain Reload Profiling:
	ReloadAssembly (1319ms)
		BeginReloadAssembly (163ms)
			ExecutionOrderSort (0ms)
			DisableScriptedObjects (13ms)
			BackupInstance (0ms)
			ReleaseScriptingObjects (0ms)
			CreateAndSetChildDomain (49ms)
		EndReloadAssembly (1027ms)
			LoadAssemblies (105ms)
			RebuildTransferFunctionScriptingTraits (0ms)
			SetupTypeCache (324ms)
			ReleaseScriptCaches (2ms)
			RebuildScriptCaches (63ms)
			SetupLoadedEditorAssemblies (458ms)
				LogAssemblyErrors (0ms)
				InitializePlatformSupportModulesInManaged (19ms)
				SetLoadedEditorAssemblies (1ms)
				RefreshPlugins (1ms)
				BeforeProcessingInitializeOnLoad (96ms)
				ProcessInitializeOnLoadAttributes (280ms)
				ProcessInitializeOnLoadMethodAttributes (52ms)
				AfterProcessingInitializeOnLoad (8ms)
				EditorAssembliesLoaded (0ms)
			ExecutionOrderSort2 (0ms)
			AwakeInstancesAfterBackupRestoration (13ms)
Platform modules already initialized, skipping
Refreshing native plugins compatible for Editor in 2.45 ms, found 4 plugins.
Preloading 0 native plugins for Editor in 0.00 ms.
Unloading 4058 Unused Serialized files (Serialized files now loaded: 0)
Unloading 25 unused Assets / (24.6 KB). Loaded Objects now: 4548.
Memory consumption went from 155.0 MB to 155.0 MB.
Total: 4.196900 ms (FindLiveObjects: 0.345700 ms CreateObjectMapping: 0.255500 ms MarkObjects: 3.564100 ms  DeleteObjects: 0.030600 ms)

AssetImportParameters requested are different than current active one (requested -> active):
  custom:video-decoder-ogg-theora: a1e56fd34408186e4bbccfd4996cb3dc -> 
  custom:container-muxer-webm: aa71ff27fc2769a1b78a27578f13a17b -> 
  custom:container-demuxer-webm: 4f35f7cbe854078d1ac9338744f61a02 -> 
  custom:video-encoder-webm-vp8: eb34c28f22e8b96e1ab97ce403110664 -> 
  custom:audio-encoder-webm-vorbis: bf7c407c2cedff20999df2af8eb42d56 -> 
  custom:framework-win-MediaFoundation: 216162199b28c13a410421893ffa2e32 -> 
  custom:container-demuxer-ogg: 62fdf1f143b41e24485cea50d1cbac27 -> 
  custom:video-decoder-webm-vp8: 9c59270c3fd7afecdb556c50c9e8de78 -> 
  custom:audio-decoder-ogg-vorbis: bf7c407c2cedff20999df2af8eb42d56 -> 
========================================================================
Received Prepare
Registering precompiled user dll's ...
Registered in 0.006888 seconds.
Begin MonoManager ReloadAssembly
Symbol file LoadedFromMemory doesn't match image D:\File Programming\College\Semester 5\Praktikum Game\Project_Akhir\Library\PackageCache\com.unity.visualscripting@1.7.8\Editor\VisualScripting.Core\Dependencies\YamlDotNet\Unity.VisualScripting.YamlDotNet.dll
Symbol file LoadedFromMemory doesn't match image D:\File Programming\College\Semester 5\Praktikum Game\Project_Akhir\Library\PackageCache\com.unity.visualscripting@1.7.8\Editor\VisualScripting.Core\Dependencies\DotNetZip\Unity.VisualScripting.IonicZip.dll
Native extension for WindowsStandalone target not found
Native extension for WebGL target not found
Refreshing native plugins compatible for Editor in 0.82 ms, found 4 plugins.
Preloading 0 native plugins for Editor in 0.00 ms.
Mono: successfully reloaded assembly
- Completed reload, in  1.364 seconds
Domain Reload Profiling:
	ReloadAssembly (1365ms)
		BeginReloadAssembly (181ms)
			ExecutionOrderSort (0ms)
			DisableScriptedObjects (9ms)
			BackupInstance (0ms)
			ReleaseScriptingObjects (0ms)
			CreateAndSetChildDomain (51ms)
		EndReloadAssembly (1040ms)
			LoadAssemblies (113ms)
			RebuildTransferFunctionScriptingTraits (0ms)
			SetupTypeCache (364ms)
			ReleaseScriptCaches (2ms)
			RebuildScriptCaches (59ms)
			SetupLoadedEditorAssemblies (449ms)
				LogAssemblyErrors (0ms)
				InitializePlatformSupportModulesInManaged (17ms)
				SetLoadedEditorAssemblies (1ms)
				RefreshPlugins (1ms)
				BeforeProcessingInitializeOnLoad (93ms)
				ProcessInitializeOnLoadAttributes (278ms)
				ProcessInitializeOnLoadMethodAttributes (51ms)
				AfterProcessingInitializeOnLoad (9ms)
				EditorAssembliesLoaded (0ms)
			ExecutionOrderSort2 (0ms)
			AwakeInstancesAfterBackupRestoration (11ms)
Platform modules already initialized, skipping
Refreshing native plugins compatible for Editor in 2.48 ms, found 4 plugins.
Preloading 0 native plugins for Editor in 0.00 ms.
Unloading 4058 Unused Serialized files (Serialized files now loaded: 0)
Unloading 25 unused Assets / (24.7 KB). Loaded Objects now: 4551.
Memory consumption went from 155.0 MB to 155.0 MB.
Total: 4.200000 ms (FindLiveObjects: 0.341600 ms CreateObjectMapping: 0.255700 ms MarkObjects: 3.571600 ms  DeleteObjects: 0.029800 ms)

AssetImportParameters requested are different than current active one (requested -> active):
  custom:video-decoder-ogg-theora: a1e56fd34408186e4bbccfd4996cb3dc -> 
  custom:container-muxer-webm: aa71ff27fc2769a1b78a27578f13a17b -> 
  custom:container-demuxer-webm: 4f35f7cbe854078d1ac9338744f61a02 -> 
  custom:video-encoder-webm-vp8: eb34c28f22e8b96e1ab97ce403110664 -> 
  custom:audio-encoder-webm-vorbis: bf7c407c2cedff20999df2af8eb42d56 -> 
  custom:framework-win-MediaFoundation: 216162199b28c13a410421893ffa2e32 -> 
  custom:container-demuxer-ogg: 62fdf1f143b41e24485cea50d1cbac27 -> 
  custom:video-decoder-webm-vp8: 9c59270c3fd7afecdb556c50c9e8de78 -> 
  custom:audio-decoder-ogg-vorbis: bf7c407c2cedff20999df2af8eb42d56 -> 
========================================================================
Received Import Request.
  Time since last request: 125.353243 seconds.
  path: Assets/Character/Zain/zain_idle.png
  artifactKey: Guid(85c33214eaa26bb4bbbea9578b81a8b7) Importer(815301076,1909f56bfc062723c751e8b465ee728b)
Start importing Assets/Character/Zain/zain_idle.png using Guid(85c33214eaa26bb4bbbea9578b81a8b7) Importer(815301076,1909f56bfc062723c751e8b465ee728b)  -> (artifact id: '145fbec8c23a76657a606c889ebf3dd9') in 0.097503 seconds 
========================================================================
Received Import Request.
  Time since last request: 9.792366 seconds.
  path: Assets/Character/Zain/animations
  artifactKey: Guid(0dd961c1371dd32428fc9d59bdd60332) Importer(815301076,1909f56bfc062723c751e8b465ee728b)
Start importing Assets/Character/Zain/animations using Guid(0dd961c1371dd32428fc9d59bdd60332) Importer(815301076,1909f56bfc062723c751e8b465ee728b)  -> (artifact id: '946ff7e4a1fdc40df717a2e8f8a2beab') in 0.002067 seconds 
========================================================================
Received Import Request.
  Time since last request: 2.670745 seconds.
  path: Assets/Character/Zain/animations/zain_idle_0.controller
  artifactKey: Guid(d7379a113e94bb64ba89d19652883149) Importer(815301076,1909f56bfc062723c751e8b465ee728b)
Start importing Assets/Character/Zain/animations/zain_idle_0.controller using Guid(d7379a113e94bb64ba89d19652883149) Importer(815301076,1909f56bfc062723c751e8b465ee728b)  -> (artifact id: '2a8f2c429c1923fd28f34decdc06e6a5') in 0.005302 seconds 
========================================================================
Received Prepare
Registering precompiled user dll's ...
Registered in 0.006186 seconds.
Begin MonoManager ReloadAssembly
Symbol file LoadedFromMemory doesn't match image D:\File Programming\College\Semester 5\Praktikum Game\Project_Akhir\Library\PackageCache\com.unity.visualscripting@1.7.8\Editor\VisualScripting.Core\Dependencies\YamlDotNet\Unity.VisualScripting.YamlDotNet.dll
Symbol file LoadedFromMemory doesn't match image D:\File Programming\College\Semester 5\Praktikum Game\Project_Akhir\Library\PackageCache\com.unity.visualscripting@1.7.8\Editor\VisualScripting.Core\Dependencies\DotNetZip\Unity.VisualScripting.IonicZip.dll
Native extension for WindowsStandalone target not found
Native extension for WebGL target not found
Refreshing native plugins compatible for Editor in 0.88 ms, found 4 plugins.
Preloading 0 native plugins for Editor in 0.00 ms.
Mono: successfully reloaded assembly
- Completed reload, in  1.394 seconds
Domain Reload Profiling:
	ReloadAssembly (1395ms)
		BeginReloadAssembly (171ms)
			ExecutionOrderSort (0ms)
			DisableScriptedObjects (10ms)
			BackupInstance (0ms)
			ReleaseScriptingObjects (0ms)
			CreateAndSetChildDomain (48ms)
		EndReloadAssembly (1092ms)
			LoadAssemblies (117ms)
			RebuildTransferFunctionScriptingTraits (0ms)
			SetupTypeCache (356ms)
			ReleaseScriptCaches (2ms)
			RebuildScriptCaches (76ms)
			SetupLoadedEditorAssemblies (477ms)
				LogAssemblyErrors (0ms)
				InitializePlatformSupportModulesInManaged (17ms)
				SetLoadedEditorAssemblies (1ms)
				RefreshPlugins (1ms)
				BeforeProcessingInitializeOnLoad (103ms)
				ProcessInitializeOnLoadAttributes (290ms)
				ProcessInitializeOnLoadMethodAttributes (56ms)
				AfterProcessingInitializeOnLoad (10ms)
				EditorAssembliesLoaded (0ms)
			ExecutionOrderSort2 (0ms)
			AwakeInstancesAfterBackupRestoration (13ms)
Platform modules already initialized, skipping
Refreshing native plugins compatible for Editor in 2.98 ms, found 4 plugins.
Preloading 0 native plugins for Editor in 0.00 ms.
Unloading 4058 Unused Serialized files (Serialized files now loaded: 0)
Unloading 25 unused Assets / (24.7 KB). Loaded Objects now: 4554.
Memory consumption went from 155.0 MB to 155.0 MB.
Total: 5.150500 ms (FindLiveObjects: 0.357400 ms CreateObjectMapping: 0.252500 ms MarkObjects: 4.491800 ms  DeleteObjects: 0.047200 ms)

AssetImportParameters requested are different than current active one (requested -> active):
  custom:video-decoder-ogg-theora: a1e56fd34408186e4bbccfd4996cb3dc -> 
  custom:container-muxer-webm: aa71ff27fc2769a1b78a27578f13a17b -> 
  custom:container-demuxer-webm: 4f35f7cbe854078d1ac9338744f61a02 -> 
  custom:video-encoder-webm-vp8: eb34c28f22e8b96e1ab97ce403110664 -> 
  custom:audio-encoder-webm-vorbis: bf7c407c2cedff20999df2af8eb42d56 -> 
  custom:framework-win-MediaFoundation: 216162199b28c13a410421893ffa2e32 -> 
  custom:container-demuxer-ogg: 62fdf1f143b41e24485cea50d1cbac27 -> 
  custom:video-decoder-webm-vp8: 9c59270c3fd7afecdb556c50c9e8de78 -> 
  custom:audio-decoder-ogg-vorbis: bf7c407c2cedff20999df2af8eb42d56 -> 
========================================================================
Received Import Request.
  Time since last request: 49.860024 seconds.
  path: Assets/Character/Zain/zain_jump.png
  artifactKey: Guid(3ad45aaf57953264193399f517672e36) Importer(815301076,1909f56bfc062723c751e8b465ee728b)
Start importing Assets/Character/Zain/zain_jump.png using Guid(3ad45aaf57953264193399f517672e36) Importer(815301076,1909f56bfc062723c751e8b465ee728b)  -> (artifact id: 'b8311afcf34b3b7a06c40779019f0477') in 0.057777 seconds 
========================================================================
Received Import Request.
  Time since last request: 45.292550 seconds.
  path: Assets/Character/Zain/zain_jump.png
  artifactKey: Guid(3ad45aaf57953264193399f517672e36) Importer(815301076,1909f56bfc062723c751e8b465ee728b)
Start importing Assets/Character/Zain/zain_jump.png using Guid(3ad45aaf57953264193399f517672e36) Importer(815301076,1909f56bfc062723c751e8b465ee728b)  -> (artifact id: '1e49b769edb70722768726d4677fcd71') in 0.080469 seconds 
========================================================================
Received Prepare
Registering precompiled user dll's ...
Registered in 0.006500 seconds.
Begin MonoManager ReloadAssembly
Symbol file LoadedFromMemory doesn't match image D:\File Programming\College\Semester 5\Praktikum Game\Project_Akhir\Library\PackageCache\com.unity.visualscripting@1.7.8\Editor\VisualScripting.Core\Dependencies\YamlDotNet\Unity.VisualScripting.YamlDotNet.dll
Symbol file LoadedFromMemory doesn't match image D:\File Programming\College\Semester 5\Praktikum Game\Project_Akhir\Library\PackageCache\com.unity.visualscripting@1.7.8\Editor\VisualScripting.Core\Dependencies\DotNetZip\Unity.VisualScripting.IonicZip.dll
Native extension for WindowsStandalone target not found
Native extension for WebGL target not found
Refreshing native plugins compatible for Editor in 0.86 ms, found 4 plugins.
Preloading 0 native plugins for Editor in 0.00 ms.
Mono: successfully reloaded assembly
- Completed reload, in  1.373 seconds
Domain Reload Profiling:
	ReloadAssembly (1374ms)
		BeginReloadAssembly (157ms)
			ExecutionOrderSort (0ms)
			DisableScriptedObjects (9ms)
			BackupInstance (0ms)
			ReleaseScriptingObjects (0ms)
			CreateAndSetChildDomain (45ms)
		EndReloadAssembly (1074ms)
			LoadAssemblies (104ms)
			RebuildTransferFunctionScriptingTraits (0ms)
			SetupTypeCache (344ms)
			ReleaseScriptCaches (2ms)
			RebuildScriptCaches (76ms)
			SetupLoadedEditorAssemblies (471ms)
				LogAssemblyErrors (0ms)
				InitializePlatformSupportModulesInManaged (17ms)
				SetLoadedEditorAssemblies (1ms)
				RefreshPlugins (1ms)
				BeforeProcessingInitializeOnLoad (97ms)
				ProcessInitializeOnLoadAttributes (288ms)
				ProcessInitializeOnLoadMethodAttributes (55ms)
				AfterProcessingInitializeOnLoad (11ms)
				EditorAssembliesLoaded (0ms)
			ExecutionOrderSort2 (0ms)
			AwakeInstancesAfterBackupRestoration (14ms)
Platform modules already initialized, skipping
Refreshing native plugins compatible for Editor in 2.62 ms, found 4 plugins.
Preloading 0 native plugins for Editor in 0.00 ms.
Unloading 4058 Unused Serialized files (Serialized files now loaded: 0)
Unloading 25 unused Assets / (24.7 KB). Loaded Objects now: 4567.
Memory consumption went from 155.0 MB to 155.0 MB.
Total: 4.205900 ms (FindLiveObjects: 0.425500 ms CreateObjectMapping: 0.251800 ms MarkObjects: 3.488000 ms  DeleteObjects: 0.032300 ms)

AssetImportParameters requested are different than current active one (requested -> active):
  custom:video-decoder-ogg-theora: a1e56fd34408186e4bbccfd4996cb3dc -> 
  custom:container-muxer-webm: aa71ff27fc2769a1b78a27578f13a17b -> 
  custom:container-demuxer-webm: 4f35f7cbe854078d1ac9338744f61a02 -> 
  custom:video-encoder-webm-vp8: eb34c28f22e8b96e1ab97ce403110664 -> 
  custom:audio-encoder-webm-vorbis: bf7c407c2cedff20999df2af8eb42d56 -> 
  custom:framework-win-MediaFoundation: 216162199b28c13a410421893ffa2e32 -> 
  custom:container-demuxer-ogg: 62fdf1f143b41e24485cea50d1cbac27 -> 
  custom:video-decoder-webm-vp8: 9c59270c3fd7afecdb556c50c9e8de78 -> 
  custom:audio-decoder-ogg-vorbis: bf7c407c2cedff20999df2af8eb42d56 -> 
========================================================================
Received Import Request.
  Time since last request: 50.951365 seconds.
  path: Assets/Character/Zain/zain_move.png
  artifactKey: Guid(526cd1b79f34237458b40b7a1fc5a180) Importer(815301076,1909f56bfc062723c751e8b465ee728b)
Start importing Assets/Character/Zain/zain_move.png using Guid(526cd1b79f34237458b40b7a1fc5a180) Importer(815301076,1909f56bfc062723c751e8b465ee728b)  -> (artifact id: 'b46c26f001170aaf1f853af6275641b8') in 0.051699 seconds 
========================================================================
Received Import Request.
  Time since last request: 35.938743 seconds.
  path: Assets/Character/Zain/zain_move.png
  artifactKey: Guid(526cd1b79f34237458b40b7a1fc5a180) Importer(815301076,1909f56bfc062723c751e8b465ee728b)
Start importing Assets/Character/Zain/zain_move.png using Guid(526cd1b79f34237458b40b7a1fc5a180) Importer(815301076,1909f56bfc062723c751e8b465ee728b)  -> (artifact id: '032170c90fb99cea8c071927dded018e') in 0.082498 seconds 
========================================================================
Received Import Request.
  Time since last request: 36.475248 seconds.
  path: Assets/Character/Zain/zain_death.png
  artifactKey: Guid(1f8ccc852fe95eb488bbb669cc4e73f6) Importer(815301076,1909f56bfc062723c751e8b465ee728b)
Start importing Assets/Character/Zain/zain_death.png using Guid(1f8ccc852fe95eb488bbb669cc4e73f6) Importer(815301076,1909f56bfc062723c751e8b465ee728b)  -> (artifact id: '1f3eaef9db51253eba8cb1e233c7218d') in 0.012788 seconds 
========================================================================
Received Import Request.
  Time since last request: 14.870344 seconds.
  path: Assets/Character/Zain/zain_death.png
  artifactKey: Guid(1f8ccc852fe95eb488bbb669cc4e73f6) Importer(815301076,1909f56bfc062723c751e8b465ee728b)
Start importing Assets/Character/Zain/zain_death.png using Guid(1f8ccc852fe95eb488bbb669cc4e73f6) Importer(815301076,1909f56bfc062723c751e8b465ee728b)  -> (artifact id: '957d4003161a4a506215d4fc1f90fd7d') in 0.045321 seconds 
========================================================================
Received Prepare
Registering precompiled user dll's ...
Registered in 0.006008 seconds.
Begin MonoManager ReloadAssembly
Symbol file LoadedFromMemory doesn't match image D:\File Programming\College\Semester 5\Praktikum Game\Project_Akhir\Library\PackageCache\com.unity.visualscripting@1.7.8\Editor\VisualScripting.Core\Dependencies\YamlDotNet\Unity.VisualScripting.YamlDotNet.dll
Symbol file LoadedFromMemory doesn't match image D:\File Programming\College\Semester 5\Praktikum Game\Project_Akhir\Library\PackageCache\com.unity.visualscripting@1.7.8\Editor\VisualScripting.Core\Dependencies\DotNetZip\Unity.VisualScripting.IonicZip.dll
Native extension for WindowsStandalone target not found
Native extension for WebGL target not found
Refreshing native plugins compatible for Editor in 0.87 ms, found 4 plugins.
Preloading 0 native plugins for Editor in 0.00 ms.
Mono: successfully reloaded assembly
- Completed reload, in  1.496 seconds
Domain Reload Profiling:
	ReloadAssembly (1497ms)
		BeginReloadAssembly (178ms)
			ExecutionOrderSort (0ms)
			DisableScriptedObjects (13ms)
			BackupInstance (0ms)
			ReleaseScriptingObjects (0ms)
			CreateAndSetChildDomain (53ms)
		EndReloadAssembly (1164ms)
			LoadAssemblies (143ms)
			RebuildTransferFunctionScriptingTraits (0ms)
			SetupTypeCache (419ms)
			ReleaseScriptCaches (2ms)
			RebuildScriptCaches (61ms)
			SetupLoadedEditorAssemblies (479ms)
				LogAssemblyErrors (0ms)
				InitializePlatformSupportModulesInManaged (21ms)
				SetLoadedEditorAssemblies (1ms)
				RefreshPlugins (1ms)
				BeforeProcessingInitializeOnLoad (104ms)
				ProcessInitializeOnLoadAttributes (289ms)
				ProcessInitializeOnLoadMethodAttributes (56ms)
				AfterProcessingInitializeOnLoad (8ms)
				EditorAssembliesLoaded (0ms)
			ExecutionOrderSort2 (0ms)
			AwakeInstancesAfterBackupRestoration (13ms)
Platform modules already initialized, skipping
Refreshing native plugins compatible for Editor in 2.51 ms, found 4 plugins.
Preloading 0 native plugins for Editor in 0.00 ms.
Unloading 4058 Unused Serialized files (Serialized files now loaded: 0)
Unloading 25 unused Assets / (24.7 KB). Loaded Objects now: 4588.
Memory consumption went from 155.1 MB to 155.1 MB.
Total: 5.600100 ms (FindLiveObjects: 0.452100 ms CreateObjectMapping: 0.395600 ms MarkObjects: 4.709600 ms  DeleteObjects: 0.041600 ms)

AssetImportParameters requested are different than current active one (requested -> active):
  custom:video-decoder-ogg-theora: a1e56fd34408186e4bbccfd4996cb3dc -> 
  custom:container-muxer-webm: aa71ff27fc2769a1b78a27578f13a17b -> 
  custom:container-demuxer-webm: 4f35f7cbe854078d1ac9338744f61a02 -> 
  custom:video-encoder-webm-vp8: eb34c28f22e8b96e1ab97ce403110664 -> 
  custom:audio-encoder-webm-vorbis: bf7c407c2cedff20999df2af8eb42d56 -> 
  custom:framework-win-MediaFoundation: 216162199b28c13a410421893ffa2e32 -> 
  custom:container-demuxer-ogg: 62fdf1f143b41e24485cea50d1cbac27 -> 
  custom:video-decoder-webm-vp8: 9c59270c3fd7afecdb556c50c9e8de78 -> 
  custom:audio-decoder-ogg-vorbis: bf7c407c2cedff20999df2af8eb42d56 -> 
========================================================================
Received Import Request.
  Time since last request: 51.425680 seconds.
  path: Assets/Character/Hantu/hantu_move.png
  artifactKey: Guid(f808d061f8762214a9068b4783bea1ef) Importer(815301076,1909f56bfc062723c751e8b465ee728b)
Start importing Assets/Character/Hantu/hantu_move.png using Guid(f808d061f8762214a9068b4783bea1ef) Importer(815301076,1909f56bfc062723c751e8b465ee728b)  -> (artifact id: '39145df7eadadb70668b5e5e609f68ae') in 0.063727 seconds 
========================================================================
Received Import Request.
  Time since last request: 13.780951 seconds.
  path: Assets/Character/Hantu/hantu_move.png
  artifactKey: Guid(f808d061f8762214a9068b4783bea1ef) Importer(815301076,1909f56bfc062723c751e8b465ee728b)
Start importing Assets/Character/Hantu/hantu_move.png using Guid(f808d061f8762214a9068b4783bea1ef) Importer(815301076,1909f56bfc062723c751e8b465ee728b)  -> (artifact id: '0f11f8cbd03c3801bcc2324a33fd7cf5') in 0.082219 seconds 
========================================================================
Received Import Request.
  Time since last request: 31.264207 seconds.
  path: Assets/Character/Hantu/mumi_idle.png
  artifactKey: Guid(6bf0b50d31e249a40b8ad8d6606ddcbd) Importer(815301076,1909f56bfc062723c751e8b465ee728b)
Start importing Assets/Character/Hantu/mumi_idle.png using Guid(6bf0b50d31e249a40b8ad8d6606ddcbd) Importer(815301076,1909f56bfc062723c751e8b465ee728b)  -> (artifact id: '57148f0e2a2ca11bc0e817775cc125a2') in 0.025829 seconds 
========================================================================
Received Import Request.
  Time since last request: 35.053533 seconds.
  path: Assets/Character/Hantu/mumi_idle.png
  artifactKey: Guid(6bf0b50d31e249a40b8ad8d6606ddcbd) Importer(815301076,1909f56bfc062723c751e8b465ee728b)
Start importing Assets/Character/Hantu/mumi_idle.png using Guid(6bf0b50d31e249a40b8ad8d6606ddcbd) Importer(815301076,1909f56bfc062723c751e8b465ee728b)  -> (artifact id: 'c471b8fd144eddeada36a4c76cf44696') in 0.047046 seconds 
========================================================================
Received Import Request.
  Time since last request: 24.881369 seconds.
  path: Assets/Character/Hantu/mumi_walk.png
  artifactKey: Guid(deb3e3718126f9f4e9d24770a89b61c4) Importer(815301076,1909f56bfc062723c751e8b465ee728b)
Start importing Assets/Character/Hantu/mumi_walk.png using Guid(deb3e3718126f9f4e9d24770a89b61c4) Importer(815301076,1909f56bfc062723c751e8b465ee728b)  -> (artifact id: '4f403ce46036b21d4b37392b148316cf') in 0.012259 seconds 
========================================================================
Received Import Request.
  Time since last request: 27.832677 seconds.
  path: Assets/Character/Hantu/mumi_walk.png
  artifactKey: Guid(deb3e3718126f9f4e9d24770a89b61c4) Importer(815301076,1909f56bfc062723c751e8b465ee728b)
Start importing Assets/Character/Hantu/mumi_walk.png using Guid(deb3e3718126f9f4e9d24770a89b61c4) Importer(815301076,1909f56bfc062723c751e8b465ee728b)  -> (artifact id: '92168567c86f223fc7d536ed0538a29f') in 0.041141 seconds 
========================================================================
Received Prepare
Registering precompiled user dll's ...
Registered in 0.006535 seconds.
Begin MonoManager ReloadAssembly
Symbol file LoadedFromMemory doesn't match image D:\File Programming\College\Semester 5\Praktikum Game\Project_Akhir\Library\PackageCache\com.unity.visualscripting@1.7.8\Editor\VisualScripting.Core\Dependencies\YamlDotNet\Unity.VisualScripting.YamlDotNet.dll
Symbol file LoadedFromMemory doesn't match image D:\File Programming\College\Semester 5\Praktikum Game\Project_Akhir\Library\PackageCache\com.unity.visualscripting@1.7.8\Editor\VisualScripting.Core\Dependencies\DotNetZip\Unity.VisualScripting.IonicZip.dll
Native extension for WindowsStandalone target not found
Native extension for WebGL target not found
Refreshing native plugins compatible for Editor in 0.86 ms, found 4 plugins.
Preloading 0 native plugins for Editor in 0.00 ms.
Mono: successfully reloaded assembly
- Completed reload, in  1.389 seconds
Domain Reload Profiling:
	ReloadAssembly (1390ms)
		BeginReloadAssembly (180ms)
			ExecutionOrderSort (0ms)
			DisableScriptedObjects (9ms)
			BackupInstance (0ms)
			ReleaseScriptingObjects (0ms)
			CreateAndSetChildDomain (56ms)
		EndReloadAssembly (1083ms)
			LoadAssemblies (113ms)
			RebuildTransferFunctionScriptingTraits (0ms)
			SetupTypeCache (349ms)
			ReleaseScriptCaches (2ms)
			RebuildScriptCaches (64ms)
			SetupLoadedEditorAssemblies (494ms)
				LogAssemblyErrors (0ms)
				InitializePlatformSupportModulesInManaged (18ms)
				SetLoadedEditorAssemblies (1ms)
				RefreshPlugins (1ms)
				BeforeProcessingInitializeOnLoad (106ms)
				ProcessInitializeOnLoadAttributes (301ms)
				ProcessInitializeOnLoadMethodAttributes (55ms)
				AfterProcessingInitializeOnLoad (12ms)
				EditorAssembliesLoaded (0ms)
			ExecutionOrderSort2 (0ms)
			AwakeInstancesAfterBackupRestoration (13ms)
Platform modules already initialized, skipping
Refreshing native plugins compatible for Editor in 3.35 ms, found 4 plugins.
Preloading 0 native plugins for Editor in 0.00 ms.
Unloading 4058 Unused Serialized files (Serialized files now loaded: 0)
Unloading 25 unused Assets / (24.7 KB). Loaded Objects now: 4623.
Memory consumption went from 155.1 MB to 155.1 MB.
Total: 6.334000 ms (FindLiveObjects: 0.554500 ms CreateObjectMapping: 0.795700 ms MarkObjects: 4.937600 ms  DeleteObjects: 0.044500 ms)

AssetImportParameters requested are different than current active one (requested -> active):
  custom:video-decoder-ogg-theora: a1e56fd34408186e4bbccfd4996cb3dc -> 
  custom:container-muxer-webm: aa71ff27fc2769a1b78a27578f13a17b -> 
  custom:container-demuxer-webm: 4f35f7cbe854078d1ac9338744f61a02 -> 
  custom:video-encoder-webm-vp8: eb34c28f22e8b96e1ab97ce403110664 -> 
  custom:audio-encoder-webm-vorbis: bf7c407c2cedff20999df2af8eb42d56 -> 
  custom:framework-win-MediaFoundation: 216162199b28c13a410421893ffa2e32 -> 
  custom:container-demuxer-ogg: 62fdf1f143b41e24485cea50d1cbac27 -> 
  custom:video-decoder-webm-vp8: 9c59270c3fd7afecdb556c50c9e8de78 -> 
  custom:audio-decoder-ogg-vorbis: bf7c407c2cedff20999df2af8eb42d56 -> 
========================================================================
Received Import Request.
  Time since last request: 63.308894 seconds.
  path: Assets/Character/Hantu/mumi_walk.png
  artifactKey: Guid(deb3e3718126f9f4e9d24770a89b61c4) Importer(815301076,1909f56bfc062723c751e8b465ee728b)
Start importing Assets/Character/Hantu/mumi_walk.png using Guid(deb3e3718126f9f4e9d24770a89b61c4) Importer(815301076,1909f56bfc062723c751e8b465ee728b)  -> (artifact id: '18a80f25120baa546b0c347a70edb985') in 0.105421 seconds 
========================================================================
Received Prepare
Registering precompiled user dll's ...
Registered in 0.005986 seconds.
Begin MonoManager ReloadAssembly
Symbol file LoadedFromMemory doesn't match image D:\File Programming\College\Semester 5\Praktikum Game\Project_Akhir\Library\PackageCache\com.unity.visualscripting@1.7.8\Editor\VisualScripting.Core\Dependencies\YamlDotNet\Unity.VisualScripting.YamlDotNet.dll
Symbol file LoadedFromMemory doesn't match image D:\File Programming\College\Semester 5\Praktikum Game\Project_Akhir\Library\PackageCache\com.unity.visualscripting@1.7.8\Editor\VisualScripting.Core\Dependencies\DotNetZip\Unity.VisualScripting.IonicZip.dll
Native extension for WindowsStandalone target not found
Native extension for WebGL target not found
Refreshing native plugins compatible for Editor in 1.25 ms, found 4 plugins.
Preloading 0 native plugins for Editor in 0.00 ms.
Mono: successfully reloaded assembly
- Completed reload, in  1.379 seconds
Domain Reload Profiling:
	ReloadAssembly (1380ms)
		BeginReloadAssembly (165ms)
			ExecutionOrderSort (0ms)
			DisableScriptedObjects (9ms)
			BackupInstance (0ms)
			ReleaseScriptingObjects (0ms)
			CreateAndSetChildDomain (49ms)
		EndReloadAssembly (1074ms)
			LoadAssemblies (104ms)
			RebuildTransferFunctionScriptingTraits (0ms)
			SetupTypeCache (353ms)
			ReleaseScriptCaches (2ms)
			RebuildScriptCaches (75ms)
			SetupLoadedEditorAssemblies (477ms)
				LogAssemblyErrors (0ms)
				InitializePlatformSupportModulesInManaged (22ms)
				SetLoadedEditorAssemblies (1ms)
				RefreshPlugins (1ms)
				BeforeProcessingInitializeOnLoad (101ms)
				ProcessInitializeOnLoadAttributes (286ms)
				ProcessInitializeOnLoadMethodAttributes (56ms)
				AfterProcessingInitializeOnLoad (9ms)
				EditorAssembliesLoaded (0ms)
			ExecutionOrderSort2 (0ms)
			AwakeInstancesAfterBackupRestoration (12ms)
Platform modules already initialized, skipping
Refreshing native plugins compatible for Editor in 3.78 ms, found 4 plugins.
Preloading 0 native plugins for Editor in 0.00 ms.
Unloading 4058 Unused Serialized files (Serialized files now loaded: 0)
Unloading 25 unused Assets / (24.6 KB). Loaded Objects now: 4626.
Memory consumption went from 155.1 MB to 155.1 MB.
Total: 6.443800 ms (FindLiveObjects: 0.430600 ms CreateObjectMapping: 0.365800 ms MarkObjects: 5.598400 ms  DeleteObjects: 0.047300 ms)

AssetImportParameters requested are different than current active one (requested -> active):
  custom:video-decoder-ogg-theora: a1e56fd34408186e4bbccfd4996cb3dc -> 
  custom:container-muxer-webm: aa71ff27fc2769a1b78a27578f13a17b -> 
  custom:container-demuxer-webm: 4f35f7cbe854078d1ac9338744f61a02 -> 
  custom:video-encoder-webm-vp8: eb34c28f22e8b96e1ab97ce403110664 -> 
  custom:audio-encoder-webm-vorbis: bf7c407c2cedff20999df2af8eb42d56 -> 
  custom:framework-win-MediaFoundation: 216162199b28c13a410421893ffa2e32 -> 
  custom:container-demuxer-ogg: 62fdf1f143b41e24485cea50d1cbac27 -> 
  custom:video-decoder-webm-vp8: 9c59270c3fd7afecdb556c50c9e8de78 -> 
  custom:audio-decoder-ogg-vorbis: bf7c407c2cedff20999df2af8eb42d56 -> 
